Determining if the pthread_create exist failed with the following output:
Change Dir: /home/wallace/Desktop/nano/nanogui-test/CMakeFiles/CMakeTmp

Run Build Command:"/usr/bin/make" "cmTC_b3d12/fast"
/usr/bin/make -f CMakeFiles/cmTC_b3d12.dir/build.make CMakeFiles/cmTC_b3d12.dir/build
make[1]: Entering directory '/home/wallace/Desktop/nano/nanogui-test/CMakeFiles/CMakeTmp'
Building C object CMakeFiles/cmTC_b3d12.dir/CheckSymbolExists.c.o
/usr/bin/cc     -o CMakeFiles/cmTC_b3d12.dir/CheckSymbolExists.c.o   -c /home/wallace/Desktop/nano/nanogui-test/CMakeFiles/CMakeTmp/CheckSymbolExists.c
Linking C executable cmTC_b3d12
/usr/bin/cmake -E cmake_link_script CMakeFiles/cmTC_b3d12.dir/link.txt --verbose=1
/usr/bin/cc       CMakeFiles/cmTC_b3d12.dir/CheckSymbolExists.c.o  -o cmTC_b3d12 -rdynamic 
CMakeFiles/cmTC_b3d12.dir/CheckSymbolExists.c.o: In function `main':
CheckSymbolExists.c:(.text+0x16): undefined reference to `pthread_create'
collect2: error: ld returned 1 exit status
CMakeFiles/cmTC_b3d12.dir/build.make:97: recipe for target 'cmTC_b3d12' failed
make[1]: *** [cmTC_b3d12] Error 1
make[1]: Leaving directory '/home/wallace/Desktop/nano/nanogui-test/CMakeFiles/CMakeTmp'
Makefile:126: recipe for target 'cmTC_b3d12/fast' failed
make: *** [cmTC_b3d12/fast] Error 2

File /home/wallace/Desktop/nano/nanogui-test/CMakeFiles/CMakeTmp/CheckSymbolExists.c:
/* */
#include <pthread.h>

int main(int argc, char** argv)
{
  (void)argv;
#ifndef pthread_create
  return ((int*)(&pthread_create))[argc];
#else
  (void)argc;
  return 0;
#endif
}

Determining if the function pthread_create exists in the pthreads failed with the following output:
Change Dir: /home/wallace/Desktop/nano/nanogui-test/CMakeFiles/CMakeTmp

Run Build Command:"/usr/bin/make" "cmTC_e5b3f/fast"
/usr/bin/make -f CMakeFiles/cmTC_e5b3f.dir/build.make CMakeFiles/cmTC_e5b3f.dir/build
make[1]: Entering directory '/home/wallace/Desktop/nano/nanogui-test/CMakeFiles/CMakeTmp'
Building C object CMakeFiles/cmTC_e5b3f.dir/CheckFunctionExists.c.o
/usr/bin/cc    -DCHECK_FUNCTION_EXISTS=pthread_create   -o CMakeFiles/cmTC_e5b3f.dir/CheckFunctionExists.c.o   -c /usr/share/cmake-3.5/Modules/CheckFunctionExists.c
Linking C executable cmTC_e5b3f
/usr/bin/cmake -E cmake_link_script CMakeFiles/cmTC_e5b3f.dir/link.txt --verbose=1
/usr/bin/cc   -DCHECK_FUNCTION_EXISTS=pthread_create    CMakeFiles/cmTC_e5b3f.dir/CheckFunctionExists.c.o  -o cmTC_e5b3f -rdynamic -lpthreads 
/usr/bin/ld: cannot find -lpthreads
collect2: error: ld returned 1 exit status
CMakeFiles/cmTC_e5b3f.dir/build.make:97: recipe for target 'cmTC_e5b3f' failed
make[1]: *** [cmTC_e5b3f] Error 1
make[1]: Leaving directory '/home/wallace/Desktop/nano/nanogui-test/CMakeFiles/CMakeTmp'
Makefile:126: recipe for target 'cmTC_e5b3f/fast' failed
make: *** [cmTC_e5b3f/fast] Error 2


Determining if the pthread_create exist failed with the following output:
Change Dir: /home/wallace/Desktop/nano/nanogui-test/CMakeFiles/CMakeTmp

Run Build Command:"/usr/bin/make" "cmTC_ac5b6/fast"
/usr/bin/make -f CMakeFiles/cmTC_ac5b6.dir/build.make CMakeFiles/cmTC_ac5b6.dir/build
make[1]: Entering directory '/home/wallace/Desktop/nano/nanogui-test/CMakeFiles/CMakeTmp'
Building C object CMakeFiles/cmTC_ac5b6.dir/CheckSymbolExists.c.o
/usr/bin/cc     -o CMakeFiles/cmTC_ac5b6.dir/CheckSymbolExists.c.o   -c /home/wallace/Desktop/nano/nanogui-test/CMakeFiles/CMakeTmp/CheckSymbolExists.c
Linking C executable cmTC_ac5b6
/usr/bin/cmake -E cmake_link_script CMakeFiles/cmTC_ac5b6.dir/link.txt --verbose=1
/usr/bin/cc       CMakeFiles/cmTC_ac5b6.dir/CheckSymbolExists.c.o  -o cmTC_ac5b6 -rdynamic 
CMakeFiles/cmTC_ac5b6.dir/CheckSymbolExists.c.o: In function `main':
CheckSymbolExists.c:(.text+0x16): undefined reference to `pthread_create'
collect2: error: ld returned 1 exit status
CMakeFiles/cmTC_ac5b6.dir/build.make:97: recipe for target 'cmTC_ac5b6' failed
make[1]: *** [cmTC_ac5b6] Error 1
make[1]: Leaving directory '/home/wallace/Desktop/nano/nanogui-test/CMakeFiles/CMakeTmp'
Makefile:126: recipe for target 'cmTC_ac5b6/fast' failed
make: *** [cmTC_ac5b6/fast] Error 2

File /home/wallace/Desktop/nano/nanogui-test/CMakeFiles/CMakeTmp/CheckSymbolExists.c:
/* */
#include <pthread.h>

int main(int argc, char** argv)
{
  (void)argv;
#ifndef pthread_create
  return ((int*)(&pthread_create))[argc];
#else
  (void)argc;
  return 0;
#endif
}

Determining if the function pthread_create exists in the pthreads failed with the following output:
Change Dir: /home/wallace/Desktop/nano/nanogui-test/CMakeFiles/CMakeTmp

Run Build Command:"/usr/bin/make" "cmTC_c3c0c/fast"
/usr/bin/make -f CMakeFiles/cmTC_c3c0c.dir/build.make CMakeFiles/cmTC_c3c0c.dir/build
make[1]: Entering directory '/home/wallace/Desktop/nano/nanogui-test/CMakeFiles/CMakeTmp'
Building C object CMakeFiles/cmTC_c3c0c.dir/CheckFunctionExists.c.o
/usr/bin/cc    -DCHECK_FUNCTION_EXISTS=pthread_create   -o CMakeFiles/cmTC_c3c0c.dir/CheckFunctionExists.c.o   -c /usr/share/cmake-3.5/Modules/CheckFunctionExists.c
Linking C executable cmTC_c3c0c
/usr/bin/cmake -E cmake_link_script CMakeFiles/cmTC_c3c0c.dir/link.txt --verbose=1
/usr/bin/cc   -DCHECK_FUNCTION_EXISTS=pthread_create    CMakeFiles/cmTC_c3c0c.dir/CheckFunctionExists.c.o  -o cmTC_c3c0c -rdynamic -lpthreads 
/usr/bin/ld: cannot find -lpthreads
collect2: error: ld returned 1 exit status
CMakeFiles/cmTC_c3c0c.dir/build.make:97: recipe for target 'cmTC_c3c0c' failed
make[1]: *** [cmTC_c3c0c] Error 1
make[1]: Leaving directory '/home/wallace/Desktop/nano/nanogui-test/CMakeFiles/CMakeTmp'
Makefile:126: recipe for target 'cmTC_c3c0c/fast' failed
make: *** [cmTC_c3c0c/fast] Error 2


Determining if the pthread_create exist failed with the following output:
Change Dir: /home/luolw/projects/nanogui_tutorial/CMakeFiles/CMakeTmp

Run Build Command:"/usr/bin/make" "cmTC_1a676/fast"
/usr/bin/make -f CMakeFiles/cmTC_1a676.dir/build.make CMakeFiles/cmTC_1a676.dir/build
make[1]: Entering directory '/home/luolw/projects/nanogui_tutorial/CMakeFiles/CMakeTmp'
Building C object CMakeFiles/cmTC_1a676.dir/CheckSymbolExists.c.o
/usr/bin/cc    -o CMakeFiles/cmTC_1a676.dir/CheckSymbolExists.c.o   -c /home/luolw/projects/nanogui_tutorial/CMakeFiles/CMakeTmp/CheckSymbolExists.c
Linking C executable cmTC_1a676
/usr/bin/cmake -E cmake_link_script CMakeFiles/cmTC_1a676.dir/link.txt --verbose=1
/usr/bin/cc      -rdynamic CMakeFiles/cmTC_1a676.dir/CheckSymbolExists.c.o  -o cmTC_1a676 
CMakeFiles/cmTC_1a676.dir/CheckSymbolExists.c.o: In function `main':
CheckSymbolExists.c:(.text+0x1b): undefined reference to `pthread_create'
collect2: error: ld returned 1 exit status
CMakeFiles/cmTC_1a676.dir/build.make:97: recipe for target 'cmTC_1a676' failed
make[1]: *** [cmTC_1a676] Error 1
make[1]: Leaving directory '/home/luolw/projects/nanogui_tutorial/CMakeFiles/CMakeTmp'
Makefile:126: recipe for target 'cmTC_1a676/fast' failed
make: *** [cmTC_1a676/fast] Error 2

File /home/luolw/projects/nanogui_tutorial/CMakeFiles/CMakeTmp/CheckSymbolExists.c:
/* */
#include <pthread.h>

int main(int argc, char** argv)
{
  (void)argv;
#ifndef pthread_create
  return ((int*)(&pthread_create))[argc];
#else
  (void)argc;
  return 0;
#endif
}

Determining if the function pthread_create exists in the pthreads failed with the following output:
Change Dir: /home/luolw/projects/nanogui_tutorial/CMakeFiles/CMakeTmp

Run Build Command:"/usr/bin/make" "cmTC_e7872/fast"
/usr/bin/make -f CMakeFiles/cmTC_e7872.dir/build.make CMakeFiles/cmTC_e7872.dir/build
make[1]: Entering directory '/home/luolw/projects/nanogui_tutorial/CMakeFiles/CMakeTmp'
Building C object CMakeFiles/cmTC_e7872.dir/CheckFunctionExists.c.o
/usr/bin/cc   -DCHECK_FUNCTION_EXISTS=pthread_create   -o CMakeFiles/cmTC_e7872.dir/CheckFunctionExists.c.o   -c /usr/share/cmake-3.10/Modules/CheckFunctionExists.c
Linking C executable cmTC_e7872
/usr/bin/cmake -E cmake_link_script CMakeFiles/cmTC_e7872.dir/link.txt --verbose=1
/usr/bin/cc  -DCHECK_FUNCTION_EXISTS=pthread_create    -rdynamic CMakeFiles/cmTC_e7872.dir/CheckFunctionExists.c.o  -o cmTC_e7872 -lpthreads 
/usr/bin/ld: cannot find -lpthreads
collect2: error: ld returned 1 exit status
CMakeFiles/cmTC_e7872.dir/build.make:97: recipe for target 'cmTC_e7872' failed
make[1]: *** [cmTC_e7872] Error 1
make[1]: Leaving directory '/home/luolw/projects/nanogui_tutorial/CMakeFiles/CMakeTmp'
Makefile:126: recipe for target 'cmTC_e7872/fast' failed
make: *** [cmTC_e7872/fast] Error 2


Determining if the pthread_create exist failed with the following output:
Change Dir: /home/luolw/projects/A1_obj_view/CMakeFiles/CMakeTmp

Run Build Command:"/usr/bin/make" "cmTC_0258a/fast"
/usr/bin/make -f CMakeFiles/cmTC_0258a.dir/build.make CMakeFiles/cmTC_0258a.dir/build
make[1]: Entering directory '/home/luolw/projects/A1_obj_view/CMakeFiles/CMakeTmp'
Building C object CMakeFiles/cmTC_0258a.dir/CheckSymbolExists.c.o
/usr/bin/cc    -o CMakeFiles/cmTC_0258a.dir/CheckSymbolExists.c.o   -c /home/luolw/projects/A1_obj_view/CMakeFiles/CMakeTmp/CheckSymbolExists.c
Linking C executable cmTC_0258a
/usr/bin/cmake -E cmake_link_script CMakeFiles/cmTC_0258a.dir/link.txt --verbose=1
/usr/bin/cc      -rdynamic CMakeFiles/cmTC_0258a.dir/CheckSymbolExists.c.o  -o cmTC_0258a 
CMakeFiles/cmTC_0258a.dir/CheckSymbolExists.c.o: In function `main':
CheckSymbolExists.c:(.text+0x1b): undefined reference to `pthread_create'
collect2: error: ld returned 1 exit status
CMakeFiles/cmTC_0258a.dir/build.make:97: recipe for target 'cmTC_0258a' failed
make[1]: *** [cmTC_0258a] Error 1
make[1]: Leaving directory '/home/luolw/projects/A1_obj_view/CMakeFiles/CMakeTmp'
Makefile:126: recipe for target 'cmTC_0258a/fast' failed
make: *** [cmTC_0258a/fast] Error 2

File /home/luolw/projects/A1_obj_view/CMakeFiles/CMakeTmp/CheckSymbolExists.c:
/* */
#include <pthread.h>

int main(int argc, char** argv)
{
  (void)argv;
#ifndef pthread_create
  return ((int*)(&pthread_create))[argc];
#else
  (void)argc;
  return 0;
#endif
}

Determining if the function pthread_create exists in the pthreads failed with the following output:
Change Dir: /home/luolw/projects/A1_obj_view/CMakeFiles/CMakeTmp

Run Build Command:"/usr/bin/make" "cmTC_977d4/fast"
/usr/bin/make -f CMakeFiles/cmTC_977d4.dir/build.make CMakeFiles/cmTC_977d4.dir/build
make[1]: Entering directory '/home/luolw/projects/A1_obj_view/CMakeFiles/CMakeTmp'
Building C object CMakeFiles/cmTC_977d4.dir/CheckFunctionExists.c.o
/usr/bin/cc   -DCHECK_FUNCTION_EXISTS=pthread_create   -o CMakeFiles/cmTC_977d4.dir/CheckFunctionExists.c.o   -c /usr/share/cmake-3.10/Modules/CheckFunctionExists.c
Linking C executable cmTC_977d4
/usr/bin/cmake -E cmake_link_script CMakeFiles/cmTC_977d4.dir/link.txt --verbose=1
/usr/bin/cc  -DCHECK_FUNCTION_EXISTS=pthread_create    -rdynamic CMakeFiles/cmTC_977d4.dir/CheckFunctionExists.c.o  -o cmTC_977d4 -lpthreads 
/usr/bin/ld: cannot find -lpthreads
collect2: error: ld returned 1 exit status
CMakeFiles/cmTC_977d4.dir/build.make:97: recipe for target 'cmTC_977d4' failed
make[1]: *** [cmTC_977d4] Error 1
make[1]: Leaving directory '/home/luolw/projects/A1_obj_view/CMakeFiles/CMakeTmp'
Makefile:126: recipe for target 'cmTC_977d4/fast' failed
make: *** [cmTC_977d4/fast] Error 2


Determining if the pthread_create exist failed with the following output:
Change Dir: /home/luolw/projects/mcaq/CMakeFiles/CMakeTmp

Run Build Command:"/usr/bin/make" "cmTC_86d05/fast"
/usr/bin/make -f CMakeFiles/cmTC_86d05.dir/build.make CMakeFiles/cmTC_86d05.dir/build
make[1]: Entering directory '/home/luolw/projects/mcaq/CMakeFiles/CMakeTmp'
Building C object CMakeFiles/cmTC_86d05.dir/CheckSymbolExists.c.o
/usr/bin/cc    -o CMakeFiles/cmTC_86d05.dir/CheckSymbolExists.c.o   -c /home/luolw/projects/mcaq/CMakeFiles/CMakeTmp/CheckSymbolExists.c
Linking C executable cmTC_86d05
/usr/bin/cmake -E cmake_link_script CMakeFiles/cmTC_86d05.dir/link.txt --verbose=1
/usr/bin/cc      -rdynamic CMakeFiles/cmTC_86d05.dir/CheckSymbolExists.c.o  -o cmTC_86d05 
CMakeFiles/cmTC_86d05.dir/CheckSymbolExists.c.o: In function `main':
CheckSymbolExists.c:(.text+0x1b): undefined reference to `pthread_create'
collect2: error: ld returned 1 exit status
CMakeFiles/cmTC_86d05.dir/build.make:97: recipe for target 'cmTC_86d05' failed
make[1]: *** [cmTC_86d05] Error 1
make[1]: Leaving directory '/home/luolw/projects/mcaq/CMakeFiles/CMakeTmp'
Makefile:126: recipe for target 'cmTC_86d05/fast' failed
make: *** [cmTC_86d05/fast] Error 2

File /home/luolw/projects/mcaq/CMakeFiles/CMakeTmp/CheckSymbolExists.c:
/* */
#include <pthread.h>

int main(int argc, char** argv)
{
  (void)argv;
#ifndef pthread_create
  return ((int*)(&pthread_create))[argc];
#else
  (void)argc;
  return 0;
#endif
}

Determining if the function pthread_create exists in the pthreads failed with the following output:
Change Dir: /home/luolw/projects/mcaq/CMakeFiles/CMakeTmp

Run Build Command:"/usr/bin/make" "cmTC_74aac/fast"
/usr/bin/make -f CMakeFiles/cmTC_74aac.dir/build.make CMakeFiles/cmTC_74aac.dir/build
make[1]: Entering directory '/home/luolw/projects/mcaq/CMakeFiles/CMakeTmp'
Building C object CMakeFiles/cmTC_74aac.dir/CheckFunctionExists.c.o
/usr/bin/cc   -DCHECK_FUNCTION_EXISTS=pthread_create   -o CMakeFiles/cmTC_74aac.dir/CheckFunctionExists.c.o   -c /usr/share/cmake-3.10/Modules/CheckFunctionExists.c
Linking C executable cmTC_74aac
/usr/bin/cmake -E cmake_link_script CMakeFiles/cmTC_74aac.dir/link.txt --verbose=1
/usr/bin/cc  -DCHECK_FUNCTION_EXISTS=pthread_create    -rdynamic CMakeFiles/cmTC_74aac.dir/CheckFunctionExists.c.o  -o cmTC_74aac -lpthreads 
/usr/bin/ld: cannot find -lpthreads
collect2: error: ld returned 1 exit status
CMakeFiles/cmTC_74aac.dir/build.make:97: recipe for target 'cmTC_74aac' failed
make[1]: *** [cmTC_74aac] Error 1
make[1]: Leaving directory '/home/luolw/projects/mcaq/CMakeFiles/CMakeTmp'
Makefile:126: recipe for target 'cmTC_74aac/fast' failed
make: *** [cmTC_74aac/fast] Error 2


